src/app/reports/page.tsx(172,24): error TS2304: Cannot find name 'TrendingDown'.
src/app/reports/page.tsx(306,11): error TS2552: Cannot find name 'ArrowUpRight'. Did you mean 'ArrowRight'?
src/app/shifts/page.tsx(12,3): error TS2305: Module '"lucide-react"' has no exported member 'Nozzle'.
src/lib/api.ts(1,19): error TS2307: Cannot find module 'axios' or its corresponding type declarations.
src/lib/api.ts(9,4): error TS7006: Parameter 'config' implicitly has an 'any' type.
src/lib/api.ts(17,4): error TS7006: Parameter 'error' implicitly has an 'any' type.
src/lib/api.ts(22,4): error TS7006: Parameter 'response' implicitly has an 'any' type.
src/lib/api.ts(23,4): error TS7006: Parameter 'error' implicitly has an 'any' type.
